<?xml version="1.0" encoding="UTF-8"?>
<testng-results ignored="0" total="1" passed="1" failed="0" skipped="0">
  <reporter-output>
  </reporter-output>
  <suite started-at="2021-09-08T13:26:22Z" name="Default suite" finished-at="2021-09-08T13:26:31Z" duration-ms="9348">
    <groups>
    </groups>
    <test started-at="2021-09-08T13:26:22Z" name="Default test" finished-at="2021-09-08T13:26:31Z" duration-ms="9348">
      <class name="Gmail.compose.LoginPageTest">
        <test-method is-config="true" signature="md()[pri:0, instance:Gmail.compose.LoginPageTest@5ab956d7]" started-at="2021-09-08T18:56:22Z" name="md" finished-at="2021-09-08T18:56:31Z" duration-ms="9300" status="PASS">
          <reporter-output>
          </reporter-output>
        </test-method> <!-- md -->
        <test-method signature="as()[pri:0, instance:Gmail.compose.LoginPageTest@5ab956d7]" started-at="2021-09-08T18:56:31Z" name="as" finished-at="2021-09-08T18:56:31Z" duration-ms="11" status="PASS">
          <reporter-output>
          </reporter-output>
        </test-method> <!-- as -->
      </class> <!-- Gmail.compose.LoginPageTest -->
    </test> <!-- Default test -->
  </suite> <!-- Default suite -->
</testng-results>
